<?xml version="1.0" encoding="UTF-8"?>
<!-- Generated by org.testng.reporters.JUnitReportReporter -->
<testsuite hostname="LTIN197004" failures="0" tests="5" name="testCases.TC_Travel_Insuarance" time="40.333" errors="0" timestamp="2024-02-28T15:36:11 IST" skipped="0">
  <testcase classname="testCases.TC_Travel_Insuarance" name="ClickOnTravelInsuarancePage" time="0.315"/>
  <testcase classname="testCases.TC_Travel_Insuarance" name="navigateToTravelInsuarancePage" time="6.059"/>
  <testcase classname="testCases.TC_Travel_Insuarance" name="fillingInfoAndViewPlan" time="17.643"/>
  <testcase classname="testCases.TC_Travel_Insuarance" name="settingFilter" time="11.765"/>
  <testcase classname="testCases.TC_Travel_Insuarance" name="RetrievingInsuaranceDetails" time="4.551"/>
</testsuite> <!-- testCases.TC_Travel_Insuarance -->
