<?xml version="1.0" encoding="UTF-8"?>
<!-- Generated by org.testng.reporters.JUnitReportReporter -->
<testsuite hostname="LTIN197004" failures="0" tests="4" name="testCases.TC_Becongnizant" time="24.997" errors="0" timestamp="2024-02-23T16:40:58 IST" skipped="0">
  <testcase classname="testCases.TC_Becongnizant" name="navigateToTravelInsuarancePage" time="0.264"/>
  <testcase classname="testCases.TC_Becongnizant" name="fillingInfoAndViewPlan" time="15.721"/>
  <testcase classname="testCases.TC_Becongnizant" name="RetrievingInsuaranceDetails" time="9.008"/>
  <testcase classname="testCases.TC_Becongnizant" name="verifyNavigationToTimeSheet" time="0.004"/>
</testsuite> <!-- testCases.TC_Becongnizant -->
