<?xml version="1.0" encoding="UTF-8"?>
<!-- Generated by org.testng.reporters.JUnitReportReporter -->
<testsuite hostname="LTIN197004" failures="0" tests="4" name="testCases.TC_HealthInsuarance" time="47.977" errors="0" timestamp="2024-02-28T14:37:56 IST" skipped="0">
  <testcase classname="testCases.TC_HealthInsuarance" name="navigateToHealthInsuarance" time="3.087"/>
  <testcase classname="testCases.TC_HealthInsuarance" name="fillHealthInsuaranceDetails" time="36.251"/>
  <testcase classname="testCases.TC_HealthInsuarance" name="displayHealthInsuaranceCompany" time="6.709"/>
  <testcase classname="testCases.TC_HealthInsuarance" name="displayHealthInsuarance" time="1.930"/>
</testsuite> <!-- testCases.TC_HealthInsuarance -->
