<?xml version="1.0" encoding="UTF-8"?>
<!-- Generated by org.testng.reporters.JUnitReportReporter -->
<testsuite hostname="LTIN197004" failures="0" tests="6" name="testCases.TC_CarInsuarance" time="18.974" errors="0" timestamp="2024-02-28T14:37:56 IST" skipped="0">
  <testcase classname="testCases.TC_CarInsuarance" name="navigateToCarInsuarancePage" time="0.367"/>
  <testcase classname="testCases.TC_CarInsuarance" name="navigateToTravelInsuarancePage" time="2.026"/>
  <testcase classname="testCases.TC_CarInsuarance" name="CarInsuaranceForOldCar" time="5.774"/>
  <testcase classname="testCases.TC_CarInsuarance" name="fillingCarInfo" time="7.590"/>
  <testcase classname="testCases.TC_CarInsuarance" name="fillingPersonalInfo" time="0.551"/>
  <testcase classname="testCases.TC_CarInsuarance" name="fillingPersonalInfoNumber" time="2.666"/>
</testsuite> <!-- testCases.TC_CarInsuarance -->
